2025-06-11 16:38:49,414 [INFO] load data...
2025-06-11 16:38:49,415 [INFO] loading vocabulary file pretrained_models/BERT-Pair/vocab.txt
2025-06-11 16:38:53,197 [INFO] loading vocabulary file pretrained_models/BERT-Pair/vocab.txt
2025-06-11 16:38:54,895 [INFO] loading archive file pretrained_models/BERT-Pair
2025-06-11 16:38:54,895 [INFO] Model config {
  "attention_probs_dropout_prob": 0.1,
  "hidden_act": "gelu",
  "hidden_dropout_prob": 0.1,
  "hidden_size": 768,
  "initializer_range": 0.02,
  "intermediate_size": 3072,
  "max_position_embeddings": 512,
  "num_attention_heads": 12,
  "num_hidden_layers": 12,
  "type_vocab_size": 2,
  "vocab_size": 30522
}

2025-06-11 16:39:00,517 [INFO] loading vocabulary file pretrained_models/BERT-Pair/vocab.txt
2025-06-11 16:39:03,554 [INFO] loading archive file pretrained_models/BERT-Pair
2025-06-11 16:39:03,555 [INFO] Model config {
  "attention_probs_dropout_prob": 0.1,
  "hidden_act": "gelu",
  "hidden_dropout_prob": 0.1,
  "hidden_size": 768,
  "initializer_range": 0.02,
  "intermediate_size": 3072,
  "max_position_embeddings": 512,
  "num_attention_heads": 12,
  "num_hidden_layers": 12,
  "type_vocab_size": 2,
  "vocab_size": 30522
}

2025-06-11 16:39:12,536 [INFO] loading vocabulary file pretrained_models/BERT-Pair/vocab.txt
2025-06-11 16:39:15,792 [INFO] loading archive file pretrained_models/BERT-Pair
2025-06-11 16:39:15,793 [INFO] Model config {
  "attention_probs_dropout_prob": 0.1,
  "hidden_act": "gelu",
  "hidden_dropout_prob": 0.1,
  "hidden_size": 768,
  "initializer_range": 0.02,
  "intermediate_size": 3072,
  "max_position_embeddings": 512,
  "num_attention_heads": 12,
  "num_hidden_layers": 12,
  "type_vocab_size": 2,
  "vocab_size": 30522
}

2025-06-11 16:39:24,649 [INFO] loading archive file pretrained_models/BERT-Pair
2025-06-11 16:39:24,650 [INFO] Model config {
  "attention_probs_dropout_prob": 0.1,
  "hidden_act": "gelu",
  "hidden_dropout_prob": 0.1,
  "hidden_size": 768,
  "initializer_range": 0.02,
  "intermediate_size": 3072,
  "max_position_embeddings": 512,
  "num_attention_heads": 12,
  "num_hidden_layers": 12,
  "type_vocab_size": 2,
  "vocab_size": 30522
}

2025-06-11 16:39:26,004 [INFO] start train...
2025-06-11 16:39:26,004 [INFO] loading archive file pretrained_models/BERT-Pair
2025-06-11 16:39:26,005 [INFO] Model config {
  "attention_probs_dropout_prob": 0.1,
  "hidden_act": "gelu",
  "hidden_dropout_prob": 0.1,
  "hidden_size": 768,
  "initializer_range": 0.02,
  "intermediate_size": 3072,
  "max_position_embeddings": 512,
  "num_attention_heads": 12,
  "num_hidden_layers": 12,
  "type_vocab_size": 2,
  "vocab_size": 30522
}

2025-06-11 16:40:17,190 [INFO] epoch: 0, Train acc: 0.823656, total loss: 1.818161

2025-06-11 16:40:23,446 [INFO] data/politihop/original/politihop_test_adv-2class.json Dev total acc: 0.877193, total loss: 1.593625

2025-06-11 16:40:36,640 [INFO] data/politihop/symmetric/Symmetric_PolitiHop_ShareEvi.json Dev total acc: 0.508772, total loss: 2.431438

2025-06-11 16:40:49,562 [INFO] data/politihop/symmetric/Symmetric_PolitiHop.json Dev total acc: 0.508772, total loss: 2.436489

2025-06-11 16:41:29,521 [INFO] epoch: 1, Train acc: 0.922581, total loss: 1.331336

2025-06-11 16:41:35,879 [INFO] data/politihop/original/politihop_test_adv-2class.json Dev total acc: 0.865497, total loss: 1.471485

2025-06-11 16:41:48,526 [INFO] data/politihop/symmetric/Symmetric_PolitiHop_ShareEvi.json Dev total acc: 0.564327, total loss: 2.718167

2025-06-11 16:42:01,404 [INFO] data/politihop/symmetric/Symmetric_PolitiHop.json Dev total acc: 0.549708, total loss: 2.758878

2025-06-11 16:42:40,911 [INFO] epoch: 2, Train acc: 0.965591, total loss: 1.080719

2025-06-11 16:42:47,092 [INFO] data/politihop/original/politihop_test_adv-2class.json Dev total acc: 0.801170, total loss: 1.734153

2025-06-11 16:42:59,459 [INFO] data/politihop/symmetric/Symmetric_PolitiHop_ShareEvi.json Dev total acc: 0.690058, total loss: 2.201736

2025-06-11 16:43:12,367 [INFO] data/politihop/symmetric/Symmetric_PolitiHop.json Dev total acc: 0.684211, total loss: 2.235944

2025-06-11 16:43:52,205 [INFO] epoch: 3, Train acc: 0.984946, total loss: 0.974492

2025-06-11 16:43:58,375 [INFO] data/politihop/original/politihop_test_adv-2class.json Dev total acc: 0.883041, total loss: 1.437267

2025-06-11 16:44:11,457 [INFO] data/politihop/symmetric/Symmetric_PolitiHop_ShareEvi.json Dev total acc: 0.543860, total loss: 2.953162

2025-06-11 16:44:23,783 [INFO] data/politihop/symmetric/Symmetric_PolitiHop.json Dev total acc: 0.543860, total loss: 2.969727

2025-06-11 16:45:02,812 [INFO] epoch: 4, Train acc: 0.993548, total loss: 0.927031

2025-06-11 16:45:08,839 [INFO] data/politihop/original/politihop_test_adv-2class.json Dev total acc: 0.883041, total loss: 1.436760

2025-06-11 16:45:20,972 [INFO] data/politihop/symmetric/Symmetric_PolitiHop_ShareEvi.json Dev total acc: 0.546784, total loss: 2.965807

2025-06-11 16:45:33,139 [INFO] data/politihop/symmetric/Symmetric_PolitiHop.json Dev total acc: 0.546784, total loss: 2.980741

2025-06-11 16:46:12,214 [INFO] epoch: 5, Train acc: 0.993548, total loss: 0.913839

2025-06-11 16:46:18,498 [INFO] data/politihop/original/politihop_test_adv-2class.json Dev total acc: 0.894737, total loss: 1.398485

2025-06-11 16:46:31,502 [INFO] data/politihop/symmetric/Symmetric_PolitiHop_ShareEvi.json Dev total acc: 0.576023, total loss: 2.782039

2025-06-11 16:46:43,926 [INFO] data/politihop/symmetric/Symmetric_PolitiHop.json Dev total acc: 0.576023, total loss: 2.788553

2025-06-11 16:47:23,003 [INFO] epoch: 6, Train acc: 0.995699, total loss: 0.908538

2025-06-11 16:47:29,089 [INFO] data/politihop/original/politihop_test_adv-2class.json Dev total acc: 0.888889, total loss: 1.414748

2025-06-11 16:47:41,541 [INFO] data/politihop/symmetric/Symmetric_PolitiHop_ShareEvi.json Dev total acc: 0.576023, total loss: 2.819724

2025-06-11 16:47:53,910 [INFO] data/politihop/symmetric/Symmetric_PolitiHop.json Dev total acc: 0.576023, total loss: 2.833815

2025-06-11 16:48:32,940 [INFO] epoch: 7, Train acc: 1.000000, total loss: 0.881854

2025-06-11 16:48:39,170 [INFO] data/politihop/original/politihop_test_adv-2class.json Dev total acc: 0.883041, total loss: 1.402862

2025-06-11 16:48:51,385 [INFO] data/politihop/symmetric/Symmetric_PolitiHop_ShareEvi.json Dev total acc: 0.549708, total loss: 2.977207

2025-06-11 16:49:03,527 [INFO] data/politihop/symmetric/Symmetric_PolitiHop.json Dev total acc: 0.540936, total loss: 2.991613

2025-06-11 16:49:42,594 [INFO] epoch: 8, Train acc: 1.000000, total loss: 0.872919

2025-06-11 16:49:48,644 [INFO] data/politihop/original/politihop_test_adv-2class.json Dev total acc: 0.883041, total loss: 1.402475

2025-06-11 16:50:00,735 [INFO] data/politihop/symmetric/Symmetric_PolitiHop_ShareEvi.json Dev total acc: 0.549708, total loss: 2.975785

2025-06-11 16:50:12,961 [INFO] data/politihop/symmetric/Symmetric_PolitiHop.json Dev total acc: 0.540936, total loss: 2.987554

2025-06-11 16:50:51,879 [INFO] epoch: 9, Train acc: 1.000000, total loss: 0.868918

2025-06-11 16:50:58,101 [INFO] data/politihop/original/politihop_test_adv-2class.json Dev total acc: 0.883041, total loss: 1.402540

2025-06-11 16:51:10,309 [INFO] data/politihop/symmetric/Symmetric_PolitiHop_ShareEvi.json Dev total acc: 0.549708, total loss: 2.976844

2025-06-11 16:51:22,359 [INFO] data/politihop/symmetric/Symmetric_PolitiHop.json Dev total acc: 0.540936, total loss: 2.988013

2025-06-11 16:51:22,360 [INFO] {
 "data/politihop/original/politihop_test_adv-2class.json": 0.894736842105263,
 "data/politihop/symmetric/Symmetric_PolitiHop_ShareEvi.json": 0.6900584795321637,
 "data/politihop/symmetric/Symmetric_PolitiHop.json": 0.6842105263157894
}
2025-06-11 16:51:22,360 [INFO] {
 "data/politihop/original/politihop_test_adv-2class.json": 702,
 "data/politihop/symmetric/Symmetric_PolitiHop_ShareEvi.json": 351,
 "data/politihop/symmetric/Symmetric_PolitiHop.json": 351
}
2025-06-11 16:51:22,360 [INFO] total_steps: 1170
